<?xml version="1.0" encoding="UTF-8"?>
<!-- Generated by org.testng.reporters.JUnitReportReporter -->
<testsuite skipped="0" hostname="XSHD--20161124D" name="com.webdriver.run.TestCompareImage" tests="1" failures="0" timestamp="05 六月 2018 13:21:06 GMT" time="17.036" errors="0">
  <testcase name="TestImageComparison" time="17.036" classname="com.webdriver.run.TestCompareImage"/>
</testsuite> <!-- com.webdriver.run.TestCompareImage -->
