<?xml version="1.0" encoding="UTF-8"?>
<!-- Generated by org.testng.reporters.JUnitReportReporter -->
<testsuite skipped="0" hostname="XSHD--20161124D" name="com.webdriver.run.TestDatePicker" tests="1" failures="0" timestamp="03 六月 2018 14:07:32 GMT" time="26.348" errors="0">
  <testcase name="testdataPicker" time="26.348" classname="com.webdriver.run.TestDatePicker"/>
</testsuite> <!-- com.webdriver.run.TestDatePicker -->
