<?xml version="1.0" encoding="UTF-8"?>
<!-- Generated by org.testng.reporters.JUnitReportReporter -->
<testsuite skipped="0" hostname="XSHD--20161124D" name="seleniumAutomation.FirstTestNGClass" tests="1" failures="0" timestamp="03 五月 2018 16:04:17 GMT" time="71.022" errors="0">
  <testcase name="OpenBaiDu" time="71.022" classname="seleniumAutomation.FirstTestNGClass"/>
</testsuite> <!-- seleniumAutomation.FirstTestNGClass -->
