<?xml version="1.0" encoding="UTF-8"?>
<!-- Generated by org.testng.reporters.JUnitReportReporter -->
<testsuite skipped="1" hostname="XSHD--20161124D" name="dataDrivenFrameWork.gloryroad.testScripts.TestMail126AddContactPerson" tests="3" failures="0" timestamp="14 六月 2018 12:32:38 GMT" time="65.797" errors="0">
  <testcase name="testAddressBook" time="33.177" classname="dataDrivenFrameWork.gloryroad.testScripts.TestMail126AddContactPerson"/>
  <testcase name="testAddressBook" time="32.620" classname="dataDrivenFrameWork.gloryroad.testScripts.TestMail126AddContactPerson"/>
  <testcase name="testAddContactPerson" classname="dataDrivenFrameWork.gloryroad.testScripts.TestMail126AddContactPerson">
    <skipped/>
  </testcase> <!-- testAddContactPerson -->
</testsuite> <!-- dataDrivenFrameWork.gloryroad.testScripts.TestMail126AddContactPerson -->
