<?xml version="1.0" encoding="UTF-8"?>
<!-- Generated by org.testng.reporters.JUnitReportReporter -->
<testsuite skipped="1" hostname="XSHD--20161124D" name="seleniumAutomation.SequenceTest" tests="4" failures="0" timestamp="29 五月 2018 08:26:44 GMT" time="0.021" errors="0">
  <testcase name="test1" time="0.017" classname="seleniumAutomation.SequenceTest"/>
  <testcase name="test2" time="0.002" classname="seleniumAutomation.SequenceTest"/>
  <testcase name="test4" time="0.002" classname="seleniumAutomation.SequenceTest"/>
  <testcase name="test3" classname="seleniumAutomation.SequenceTest">
    <skipped/>
  </testcase> <!-- test3 -->
</testsuite> <!-- seleniumAutomation.SequenceTest -->
