<?xml version="1.0" encoding="UTF-8"?>
<!-- Generated by org.testng.reporters.JUnitReportReporter -->
<testsuite skipped="0" hostname="XSHD--20161124D" name="seleniumAutomation.DependentTest" tests="3" failures="0" timestamp="29 五月 2018 08:12:52 GMT" time="0.018" errors="0">
  <testcase name="SignIn" time="0.002" classname="seleniumAutomation.DependentTest"/>
  <testcase name="OpenBrowser" time="0.014" classname="seleniumAutomation.DependentTest"/>
  <testcase name="LogOut" time="0.002" classname="seleniumAutomation.DependentTest"/>
</testsuite> <!-- seleniumAutomation.DependentTest -->
