<?xml version="1.0" encoding="UTF-8"?>
<!-- Generated by org.testng.reporters.JUnitReportReporter -->
<testsuite skipped="0" hostname="XSHD--20161124D" name="com.webdriver.run.TestRobot" tests="1" failures="0" timestamp="05 六月 2018 17:14:51 GMT" time="15.135" errors="0">
  <testcase name="testRobotOperateKeyboard" time="15.135" classname="com.webdriver.run.TestRobot"/>
</testsuite> <!-- com.webdriver.run.TestRobot -->
