<?xml version="1.0" encoding="UTF-8"?>
<!-- Generated by org.testng.reporters.JUnitReportReporter -->
<testsuite skipped="0" hostname="XSHD--20161124D" name="com.webdriver.run.TestAjax" tests="2" failures="0" timestamp="05 六月 2018 17:34:41 GMT" time="23.397" errors="0">
  <testcase name="testAjaxDivOptionTwo" time="11.559" classname="com.webdriver.run.TestAjax"/>
  <testcase name="testAjaxDivOption" time="11.838" classname="com.webdriver.run.TestAjax"/>
</testsuite> <!-- com.webdriver.run.TestAjax -->
