<?xml version="1.0" encoding="UTF-8"?>
<!-- Generated by org.testng.reporters.JUnitReportReporter -->
<testsuite skipped="0" hostname="XSHD--20161124D" name="dataDrivenFrameWork.gloryroad.testScripts.TestMail126Login" tests="1" failures="0" timestamp="12 六月 2018 13:11:22 GMT" time="76.251" errors="0">
  <testcase name="testMailLogin" time="76.251" classname="dataDrivenFrameWork.gloryroad.testScripts.TestMail126Login"/>
</testsuite> <!-- dataDrivenFrameWork.gloryroad.testScripts.TestMail126Login -->
