<?xml version="1.0" encoding="UTF-8"?>
<!-- Generated by org.testng.reporters.JUnitReportReporter -->
<testsuite skipped="0" hostname="XSHD--20161124D" name="com.webdriver.run.TestFirefoxProfileFile" tests="1" failures="0" timestamp="04 六月 2018 14:48:35 GMT" time="21.375" errors="0">
  <testcase name="testFirefoxProfile" time="21.375" classname="com.webdriver.run.TestFirefoxProfileFile"/>
</testsuite> <!-- com.webdriver.run.TestFirefoxProfileFile -->
