<?xml version="1.0" encoding="UTF-8"?>
<!-- Generated by org.testng.reporters.JUnitReportReporter -->
<testsuite skipped="0" hostname="XSHD--20161124D" name="seleniumAutomation.Annotation" tests="2" failures="0" timestamp="29 五月 2018 07:33:15 GMT" time="0.000" errors="0">
  <testcase name="f2" time="0.000" classname="seleniumAutomation.Annotation"/>
  <testcase name="f1" time="0.000" classname="seleniumAutomation.Annotation"/>
</testsuite> <!-- seleniumAutomation.Annotation -->
