<?xml version="1.0" encoding="UTF-8"?>
<!-- Generated by org.testng.reporters.JUnitReportReporter -->
<testsuite skipped="0" hostname="XSHD--20161124D" name="keyWordsFrameWork.gloryroad.testScripts.TestSuiteByExcel" tests="1" failures="0" timestamp="17 六月 2018 03:09:15 GMT" time="1.182" errors="0">
  <testcase name="testTestSuite" time="1.182" classname="keyWordsFrameWork.gloryroad.testScripts.TestSuiteByExcel"/>
</testsuite> <!-- keyWordsFrameWork.gloryroad.testScripts.TestSuiteByExcel -->
