<?xml version="1.0" encoding="UTF-8"?>
<!-- Generated by org.testng.reporters.JUnitReportReporter -->
<testsuite skipped="0" hostname="XSHD--20161124D" name="cn.gloryroad.TestLog4j" tests="1" failures="0" timestamp="06 六月 2018 12:11:20 GMT" time="7.417" errors="0">
  <testcase name="testSearch" time="7.417" classname="cn.gloryroad.TestLog4j"/>
</testsuite> <!-- cn.gloryroad.TestLog4j -->
