<?xml version="1.0" encoding="UTF-8"?>
<!-- Generated by org.testng.reporters.JUnitReportReporter -->
<testsuite skipped="0" hostname="XSHD--20161124D" name="com.webdriver.run.TestHTML5Canvas" tests="1" failures="0" timestamp="08 六月 2018 16:12:13 GMT" time="15.973" errors="0">
  <testcase name="testHTML5Canvas" time="15.973" classname="com.webdriver.run.TestHTML5Canvas"/>
</testsuite> <!-- com.webdriver.run.TestHTML5Canvas -->
