<?xml version="1.0" encoding="UTF-8"?>
<!-- Generated by org.testng.reporters.JUnitReportReporter -->
<testsuite skipped="0" hostname="XSHD--20161124D" name="com.automation.frame.TestSeleniumGridMutiBrowser" tests="2" failures="0" timestamp="11 六月 2018 13:01:46 GMT" time="74.195" errors="0">
  <testcase name="testSogouSearch1" time="11.477" classname="com.automation.frame.TestSeleniumGridMutiBrowser"/>
  <testcase name="testSogouSearch2" time="62.718" classname="com.automation.frame.TestSeleniumGridMutiBrowser"/>
</testsuite> <!-- com.automation.frame.TestSeleniumGridMutiBrowser -->
