<?xml version="1.0" encoding="UTF-8"?>
<!-- Generated by org.testng.reporters.JUnitReportReporter -->
<testsuite skipped="0" hostname="XSHD--20161124D" name="com.webdriver.run.TestJavaScriptExecutor" tests="1" failures="0" timestamp="03 六月 2018 02:55:13 GMT" time="72.970" errors="0">
  <testcase name="testHandleiFrame" time="72.970" classname="com.webdriver.run.TestJavaScriptExecutor"/>
</testsuite> <!-- com.webdriver.run.TestJavaScriptExecutor -->
