<?xml version="1.0" encoding="UTF-8"?>
<!-- Generated by org.testng.reporters.JUnitReportReporter -->
<testsuite skipped="0" hostname="XSHD--20161124D" name="com.webdriver.run.TestHighLightWebElement" tests="1" failures="0" timestamp="05 六月 2018 13:48:31 GMT" time="35.878" errors="0">
  <testcase name="testHighLightWebElement" time="35.878" classname="com.webdriver.run.TestHighLightWebElement"/>
</testsuite> <!-- com.webdriver.run.TestHighLightWebElement -->
