<?xml version="1.0" encoding="UTF-8"?>
<!-- Generated by org.testng.reporters.JUnitReportReporter -->
<testsuite skipped="0" hostname="XSHD--20161124D" name="com.automation.frame.TestGridCapturePicture" tests="1" failures="0" timestamp="11 六月 2018 13:55:48 GMT" time="16.078" errors="0">
  <testcase name="testSogouSearch" time="16.078" classname="com.automation.frame.TestGridCapturePicture"/>
</testsuite> <!-- com.automation.frame.TestGridCapturePicture -->
