<?xml version="1.0" encoding="UTF-8"?>
<!-- Generated by org.testng.reporters.JUnitReportReporter -->
<testsuite skipped="0" hostname="XSHD--20161124D" name="com.webdriver.run.TestHTML5Storage" tests="2" failures="0" timestamp="06 六月 2018 14:24:15 GMT" time="21.273" errors="0">
  <testcase name="testHtml5SessionStorage" time="11.175" classname="com.webdriver.run.TestHTML5Storage"/>
  <testcase name="testHtml5localStorage" time="10.098" classname="com.webdriver.run.TestHTML5Storage"/>
</testsuite> <!-- com.webdriver.run.TestHTML5Storage -->
