<?xml version="1.0" encoding="UTF-8"?>
<!-- Generated by org.testng.reporters.JUnitReportReporter -->
<testsuite skipped="0" hostname="XSHD--20161124D" name="cn.gloryroad.TestFailCaptureScreen" tests="1" failures="0" timestamp="05 六月 2018 15:28:20 GMT" time="16.913" errors="0">
  <testcase name="testSearch" time="16.913" classname="cn.gloryroad.TestFailCaptureScreen"/>
</testsuite> <!-- cn.gloryroad.TestFailCaptureScreen -->
