<?xml version="1.0" encoding="UTF-8"?>
<!-- Generated by org.testng.reporters.JUnitReportReporter -->
<testsuite skipped="0" hostname="XSHD--20161124D" name="seleniumAutomation.FirstTestNGDemo" tests="1" failures="0" timestamp="29 五月 2018 07:33:15 GMT" time="9.936" errors="0">
  <testcase name="testSearch" time="9.936" classname="seleniumAutomation.FirstTestNGDemo"/>
</testsuite> <!-- seleniumAutomation.FirstTestNGDemo -->
