<?xml version="1.0" encoding="UTF-8"?>
<!-- Generated by org.testng.reporters.JUnitReportReporter -->
<testsuite skipped="0" hostname="XSHD--20161124D" name="seleniumAutomation.TestngReporter" tests="3" failures="0" timestamp="29 五月 2018 08:43:39 GMT" time="0.020" errors="0">
  <testcase name="SignIn" time="0.002" classname="seleniumAutomation.TestngReporter"/>
  <testcase name="LogOut" time="0.016" classname="seleniumAutomation.TestngReporter"/>
  <testcase name="OpenBrowser" time="0.002" classname="seleniumAutomation.TestngReporter"/>
</testsuite> <!-- seleniumAutomation.TestngReporter -->
