<?xml version="1.0" encoding="UTF-8"?>
<!-- Generated by org.testng.reporters.JUnitReportReporter -->
<testsuite skipped="0" hostname="XSHD--20161124D" name="keyWordsFrameWork.gloryroad.testScripts.TestSendMailWithAttachmentByExcel" tests="1" failures="0" timestamp="16 六月 2018 09:16:02 GMT" time="75.369" errors="0">
  <testcase name="testSendMailWithAttachmentByExcel" time="75.369" classname="keyWordsFrameWork.gloryroad.testScripts.TestSendMailWithAttachmentByExcel"/>
</testsuite> <!-- keyWordsFrameWork.gloryroad.testScripts.TestSendMailWithAttachmentByExcel -->
