<?xml version="1.0" encoding="UTF-8"?>
<!-- Generated by org.testng.reporters.JUnitReportReporter -->
<testsuite skipped="0" hostname="XSHD--20161124D" name="seleniumAutomation.AssertTest" tests="1" failures="0" timestamp="29 五月 2018 09:09:15 GMT" time="7.568" errors="0">
  <testcase name="testSougouSearch" time="7.568" classname="seleniumAutomation.AssertTest"/>
</testsuite> <!-- seleniumAutomation.AssertTest -->
