<?xml version="1.0" encoding="UTF-8"?>
<!-- Generated by org.testng.reporters.JUnitReportReporter -->
<testsuite skipped="0" hostname="XSHD--20161124D" name="com.automation.frame.TestDataDrivernByCSVFile" tests="1" failures="0" timestamp="07 六月 2018 14:50:20 GMT" time="0.020" errors="1">
  <testcase name="testSearch" time="0.020" classname="com.automation.frame.TestDataDrivernByCSVFile">
    <error type="org.testng.internal.reflect.MethodMatcherException" message="
Data provider mismatch
Method: testSearch([Parameter{index=0, type=java.lang.String, declaredAnnotations=[]}, Parameter{index=1, type=java.lang.String, declaredAnnotations=[]}, Parameter{index=2, type=java.lang.String, declaredAnnotations=[]}])
Arguments: [(java.lang.String) {\*\generator Msftedit 5.41.21.2510;}\viewkind4\uc1\pard\sa200\sl276\slmult1\lang2052\f0\fs22\&#039;b5\&#039;e7\&#039;d3\&#039;b0\&#039;c3\&#039;fb\&#039;b3\&#039;c6 \&#039;b5\&#039;e7\&#039;d3\&#039;b0\&#039;ca\&#039;f4\&#039;d0\&#039;d4 \&#039;cb\&#039;d1\&#039;cb\&#039;f7\&#039;bd\&#039;e1\&#039;b9\&#039;b9 \&#039;d1\&#039;e9\&#039;d6\&#039;a4\&#039;b5\&#039;c4\&#039;c4\&#039;da\&#039;c8\&#039;dd\par]">
      <![CDATA[org.testng.internal.reflect.MethodMatcherException: 
Data provider mismatch
Method: testSearch([Parameter{index=0, type=java.lang.String, declaredAnnotations=[]}, Parameter{index=1, type=java.lang.String, declaredAnnotations=[]}, Parameter{index=2, type=java.lang.String, declaredAnnotations=[]}])
Arguments: [(java.lang.String) {\*\generator Msftedit 5.41.21.2510;}\viewkind4\uc1\pard\sa200\sl276\slmult1\lang2052\f0\fs22\'b5\'e7\'d3\'b0\'c3\'fb\'b3\'c6 \'b5\'e7\'d3\'b0\'ca\'f4\'d0\'d4 \'cb\'d1\'cb\'f7\'bd\'e1\'b9\'b9 \'d1\'e9\'d6\'a4\'b5\'c4\'c4\'da\'c8\'dd\par]
	at org.testng.internal.reflect.DataProviderMethodMatcher.getConformingArguments(DataProviderMethodMatcher.java:45)
	at org.testng.internal.Invoker.injectParameters(Invoker.java:1301)
	at org.testng.internal.Invoker.invokeTestMethods(Invoker.java:1195)
	at org.testng.internal.TestMethodWorker.invokeTestMethods(TestMethodWorker.java:125)
	at org.testng.internal.TestMethodWorker.run(TestMethodWorker.java:109)
	at org.testng.TestRunner.privateRun(TestRunner.java:776)
	at org.testng.TestRunner.run(TestRunner.java:634)
	at org.testng.SuiteRunner.runTest(SuiteRunner.java:425)
	at org.testng.SuiteRunner.runSequentially(SuiteRunner.java:420)
	at org.testng.SuiteRunner.privateRun(SuiteRunner.java:385)
	at org.testng.SuiteRunner.run(SuiteRunner.java:334)
	at org.testng.SuiteRunnerWorker.runSuite(SuiteRunnerWorker.java:52)
	at org.testng.SuiteRunnerWorker.run(SuiteRunnerWorker.java:86)
	at org.testng.TestNG.runSuitesSequentially(TestNG.java:1318)
	at org.testng.TestNG.runSuitesLocally(TestNG.java:1243)
	at org.testng.TestNG.runSuites(TestNG.java:1161)
	at org.testng.TestNG.run(TestNG.java:1129)
	at org.testng.remote.AbstractRemoteTestNG.run(AbstractRemoteTestNG.java:114)
	at org.testng.remote.RemoteTestNG.initAndRun(RemoteTestNG.java:251)
	at org.testng.remote.RemoteTestNG.main(RemoteTestNG.java:77)
]]>
    </error>
  </testcase> <!-- testSearch -->
</testsuite> <!-- com.automation.frame.TestDataDrivernByCSVFile -->
