<?xml version="1.0" encoding="UTF-8"?>
<!-- Generated by org.testng.reporters.JUnitReportReporter -->
<testsuite skipped="0" hostname="XSHD--20161124D" name="com.automation.frame.DataProviderTest" tests="3" failures="0" timestamp="11 六月 2018 15:17:23 GMT" time="45.444" errors="0">
  <testcase name="test" time="13.885" classname="com.automation.frame.DataProviderTest"/>
  <testcase name="test" time="15.007" classname="com.automation.frame.DataProviderTest"/>
  <testcase name="test" time="16.552" classname="com.automation.frame.DataProviderTest"/>
</testsuite> <!-- com.automation.frame.DataProviderTest -->
